Task:
Create an iOS app icon for a mobile app that tracks a baby’s height and weight growth.

Visual style:


Modern iOS-style icon
Clean, minimal, flat design
Soft, rounded shapes
Friendly and caring, not childish
Professional health-tracking feel

icon description:


	•	The baby has a round face, rosy cheeks, big eyes, and a small tuft of hair on top, smiling happily.
	•	The baby is wearing a blue sleeveless top.
	•	On the left side, there is a vertical measuring ruler, suggesting height or growth tracking.
	•	On the right side, there is a circular badge with the text “lb,” indicating weight measurement (pounds).
	•	The overall color palette is warm and soft, with pastel skin tones and smooth gradients.
	•	The design is clean, friendly, and clearly intended for a child-related app, such as tracking a child’s growth or development.

Colors:


Soft pastel palette
 soft yellow
Subtle gradient allowed
Calm and trustworthy

Composition:


Single centered symbol
Icon fills the entire canvas
No transparent padding
No text, no numbers
High contrast, clear at small sizes

Background:


Solid color or very subtle gradient
slightly rounder shapes, softer lines,
iOS-style, clean, uncluttered

Technical requirements:


Square format
1024 × 1024
App Store–ready
Rounded-corner safe margins

Avoid:


Photorealistic babies
Overly cute cartoon style
Complex details
Text or UI elements
Hard shadows or harsh colors